<?xml version="1.0" encoding="UTF-8"?>
<testng-results skipped="0" failed="0" total="1" passed="1">
  <reporter-output>
  </reporter-output>
  <suite name="Default suite" duration-ms="21706" started-at="2019-06-12T10:25:33Z" finished-at="2019-06-12T10:25:55Z">
    <groups>
      <group name="cucumber">
        <method signature="AbstractTestNGCucumberTests.feature(cucumber.api.testng.CucumberFeatureWrapper)[pri:0, instance:com.hdfcapp.runners.TestRunner@4883b407]" name="feature" class="cucumber.api.testng.AbstractTestNGCucumberTests"/>
      </group> <!-- cucumber -->
    </groups>
    <test name="Default test" duration-ms="21706" started-at="2019-06-12T10:25:33Z" finished-at="2019-06-12T10:25:55Z">
      <class name="com.hdfcapp.runners.TestRunner">
        <test-method status="PASS" signature="setUpClass()[pri:0, instance:com.hdfcapp.runners.TestRunner@4883b407]" name="setUpClass" is-config="true" duration-ms="176" started-at="2019-06-12T15:55:33Z" finished-at="2019-06-12T15:55:34Z">
          <reporter-output>
          </reporter-output>
        </test-method> <!-- setUpClass -->
        <test-method status="PASS" signature="feature(cucumber.api.testng.CucumberFeatureWrapper)[pri:0, instance:com.hdfcapp.runners.TestRunner@4883b407]" name="feature" duration-ms="21465" started-at="2019-06-12T15:55:34Z" description="Runs Cucumber Feature" data-provider="features" finished-at="2019-06-12T15:55:55Z">
          <params>
            <param index="0">
              <value>
                <![CDATA[To login into the HDFC application]]>
              </value>
            </param>
          </params>
          <reporter-output>
          </reporter-output>
        </test-method> <!-- feature -->
        <test-method status="PASS" signature="tearDownClass()[pri:0, instance:com.hdfcapp.runners.TestRunner@4883b407]" name="tearDownClass" is-config="true" duration-ms="2" started-at="2019-06-12T15:55:55Z" finished-at="2019-06-12T15:55:55Z">
          <reporter-output>
          </reporter-output>
        </test-method> <!-- tearDownClass -->
      </class> <!-- com.hdfcapp.runners.TestRunner -->
    </test> <!-- Default test -->
  </suite> <!-- Default suite -->
</testng-results>
